mode: set
github.com/chaseisabelle/gocrx/pack.go:68.75,72.22 2 1
github.com/chaseisabelle/gocrx/pack.go:72.22,74.3 1 0
github.com/chaseisabelle/gocrx/pack.go:76.2,76.24 1 1
github.com/chaseisabelle/gocrx/pack.go:76.24,77.46 1 0
github.com/chaseisabelle/gocrx/pack.go:77.47,77.48 0 0
github.com/chaseisabelle/gocrx/pack.go:81.2,83.16 2 1
github.com/chaseisabelle/gocrx/pack.go:83.16,85.3 1 0
github.com/chaseisabelle/gocrx/pack.go:88.2,88.15 1 1
github.com/chaseisabelle/gocrx/pack.go:88.15,91.17 2 1
github.com/chaseisabelle/gocrx/pack.go:91.17,93.4 1 0
github.com/chaseisabelle/gocrx/pack.go:97.2,104.25 6 1
github.com/chaseisabelle/gocrx/pack.go:104.25,105.21 1 1
github.com/chaseisabelle/gocrx/pack.go:105.21,107.4 1 0
github.com/chaseisabelle/gocrx/pack.go:109.3,113.17 3 1
github.com/chaseisabelle/gocrx/pack.go:113.17,115.4 1 0
github.com/chaseisabelle/gocrx/pack.go:119.2,119.20 1 1
github.com/chaseisabelle/gocrx/pack.go:119.20,120.26 1 1
github.com/chaseisabelle/gocrx/pack.go:120.26,122.4 1 0
github.com/chaseisabelle/gocrx/pack.go:124.3,128.10 3 1
github.com/chaseisabelle/gocrx/pack.go:129.20,132.18 2 1
github.com/chaseisabelle/gocrx/pack.go:132.18,134.5 1 0
github.com/chaseisabelle/gocrx/pack.go:136.4,136.47 1 1
github.com/chaseisabelle/gocrx/pack.go:137.21,138.48 1 1
github.com/chaseisabelle/gocrx/pack.go:139.11,140.43 1 0
github.com/chaseisabelle/gocrx/pack.go:143.3,143.17 1 1
github.com/chaseisabelle/gocrx/pack.go:143.17,145.4 1 0
github.com/chaseisabelle/gocrx/pack.go:147.3,147.72 1 1
github.com/chaseisabelle/gocrx/pack.go:151.2,151.25 1 1
github.com/chaseisabelle/gocrx/pack.go:151.25,153.3 1 0
github.com/chaseisabelle/gocrx/pack.go:156.2,156.26 1 1
github.com/chaseisabelle/gocrx/pack.go:156.26,159.17 2 1
github.com/chaseisabelle/gocrx/pack.go:159.17,161.4 1 0
github.com/chaseisabelle/gocrx/pack.go:163.3,163.22 1 1
github.com/chaseisabelle/gocrx/pack.go:167.2,167.19 1 1
github.com/chaseisabelle/gocrx/pack.go:167.19,168.16 1 1
github.com/chaseisabelle/gocrx/pack.go:168.16,170.4 1 0
github.com/chaseisabelle/gocrx/pack.go:172.3,174.17 2 1
github.com/chaseisabelle/gocrx/pack.go:174.17,176.4 1 0
github.com/chaseisabelle/gocrx/pack.go:178.3,182.17 3 1
github.com/chaseisabelle/gocrx/pack.go:182.17,184.4 1 0
github.com/chaseisabelle/gocrx/pack.go:187.2,189.16 2 1
github.com/chaseisabelle/gocrx/pack.go:189.16,192.17 2 1
github.com/chaseisabelle/gocrx/pack.go:192.17,194.4 1 0
github.com/chaseisabelle/gocrx/pack.go:196.3,196.16 1 1
github.com/chaseisabelle/gocrx/pack.go:200.2,202.16 2 1
github.com/chaseisabelle/gocrx/pack.go:202.16,204.3 1 0
github.com/chaseisabelle/gocrx/pack.go:206.2,208.16 2 1
github.com/chaseisabelle/gocrx/pack.go:208.16,210.3 1 0
github.com/chaseisabelle/gocrx/pack.go:212.2,212.14 1 1
github.com/chaseisabelle/gocrx/pack.go:212.14,214.3 1 1
github.com/chaseisabelle/gocrx/pack.go:216.2,216.20 1 1
github.com/chaseisabelle/gocrx/pack.go:216.20,218.3 1 0
github.com/chaseisabelle/gocrx/pack.go:220.2,220.25 1 1
github.com/chaseisabelle/gocrx/pack.go:220.25,222.3 1 0
github.com/chaseisabelle/gocrx/pack.go:224.2,224.27 1 1
github.com/chaseisabelle/gocrx/pack.go:224.27,226.3 1 0
github.com/chaseisabelle/gocrx/pack.go:228.2,228.23 1 1
github.com/chaseisabelle/gocrx/pack.go:228.23,230.3 1 0
github.com/chaseisabelle/gocrx/pack.go:233.2,235.16 2 1
github.com/chaseisabelle/gocrx/pack.go:235.16,237.3 1 0
github.com/chaseisabelle/gocrx/pack.go:239.2,241.16 2 1
github.com/chaseisabelle/gocrx/pack.go:241.16,243.3 1 0
github.com/chaseisabelle/gocrx/pack.go:246.2,246.20 1 1
github.com/chaseisabelle/gocrx/pack.go:247.14,250.16 2 1
github.com/chaseisabelle/gocrx/pack.go:250.16,252.4 1 0
github.com/chaseisabelle/gocrx/pack.go:254.3,259.16 2 1
github.com/chaseisabelle/gocrx/pack.go:259.16,261.4 1 1
github.com/chaseisabelle/gocrx/pack.go:261.9,263.4 1 1
github.com/chaseisabelle/gocrx/pack.go:265.3,269.17 3 1
github.com/chaseisabelle/gocrx/pack.go:269.17,271.4 1 0
github.com/chaseisabelle/gocrx/pack.go:273.3,275.17 2 1
github.com/chaseisabelle/gocrx/pack.go:275.17,277.4 1 0
github.com/chaseisabelle/gocrx/pack.go:279.3,281.17 2 1
github.com/chaseisabelle/gocrx/pack.go:281.17,283.4 1 0
github.com/chaseisabelle/gocrx/pack.go:285.3,287.17 2 1
github.com/chaseisabelle/gocrx/pack.go:287.17,290.18 2 1
github.com/chaseisabelle/gocrx/pack.go:290.18,292.5 1 0
github.com/chaseisabelle/gocrx/pack.go:292.10,294.5 1 1
github.com/chaseisabelle/gocrx/pack.go:297.3,297.17 1 1
github.com/chaseisabelle/gocrx/pack.go:297.17,300.18 2 1
github.com/chaseisabelle/gocrx/pack.go:300.18,302.5 1 0
github.com/chaseisabelle/gocrx/pack.go:302.10,304.5 1 1
github.com/chaseisabelle/gocrx/pack.go:307.3,307.16 1 1
github.com/chaseisabelle/gocrx/pack.go:307.16,309.4 1 0
github.com/chaseisabelle/gocrx/pack.go:311.3,313.17 2 1
github.com/chaseisabelle/gocrx/pack.go:313.17,315.4 1 0
github.com/chaseisabelle/gocrx/pack.go:317.3,317.70 1 1
github.com/chaseisabelle/gocrx/pack.go:318.14,321.17 2 1
github.com/chaseisabelle/gocrx/pack.go:321.17,323.4 1 0
github.com/chaseisabelle/gocrx/pack.go:325.3,328.17 3 1
github.com/chaseisabelle/gocrx/pack.go:328.17,330.4 1 0
github.com/chaseisabelle/gocrx/pack.go:331.10,332.60 1 0
github.com/chaseisabelle/gocrx/pack.go:336.2,338.16 2 1
github.com/chaseisabelle/gocrx/pack.go:338.16,340.3 1 0
github.com/chaseisabelle/gocrx/pack.go:342.2,344.16 2 1
github.com/chaseisabelle/gocrx/pack.go:344.16,346.3 1 0
github.com/chaseisabelle/gocrx/pack.go:348.2,351.17 2 1
github.com/chaseisabelle/gocrx/pack.go:354.53,357.16 2 1
github.com/chaseisabelle/gocrx/pack.go:357.16,358.26 1 1
github.com/chaseisabelle/gocrx/pack.go:358.26,360.4 1 0
github.com/chaseisabelle/gocrx/pack.go:362.3,364.17 2 1
github.com/chaseisabelle/gocrx/pack.go:364.17,366.4 1 0
github.com/chaseisabelle/gocrx/pack.go:369.2,371.16 2 1
github.com/chaseisabelle/gocrx/pack.go:371.16,373.3 1 0
github.com/chaseisabelle/gocrx/pack.go:375.2,375.12 1 1
